I, [2014-10-18T10:11:49.916894 #2702]  INFO -- : Started GET "/shop" for 10.0.2.2 at 2014-10-18 10:11:49 +0000
I, [2014-10-18T10:11:49.930456 #2702]  INFO -- : Processing by Shop::TopController#index as HTML
I, [2014-10-18T10:11:49.984738 #2702]  INFO -- :   Rendered shop/top/index.html.erb within layouts/shop (0.6ms)
I, [2014-10-18T10:11:50.001651 #2702]  INFO -- :   Rendered shared/_header.html.erb (0.5ms)
I, [2014-10-18T10:11:50.015307 #2702]  INFO -- :   Rendered shared/_footer.html.erb (0.4ms)
I, [2014-10-18T10:11:50.015789 #2702]  INFO -- : Completed 200 OK in 85ms (Views: 69.2ms | ActiveRecord: 0.0ms)
I, [2014-10-18T10:11:53.784099 #2702]  INFO -- : Started GET "/shop" for 10.0.2.2 at 2014-10-18 10:11:53 +0000
I, [2014-10-18T10:11:53.784801 #2702]  INFO -- : Processing by Shop::TopController#index as HTML
I, [2014-10-18T10:11:53.785679 #2702]  INFO -- :   Rendered shop/top/index.html.erb within layouts/shop (0.0ms)
I, [2014-10-18T10:11:53.786585 #2702]  INFO -- :   Rendered shared/_header.html.erb (0.1ms)
I, [2014-10-18T10:11:53.786883 #2702]  INFO -- :   Rendered shared/_footer.html.erb (0.0ms)
I, [2014-10-18T10:11:53.787156 #2702]  INFO -- : Completed 200 OK in 2ms (Views: 1.5ms | ActiveRecord: 0.0ms)
I, [2014-10-18T10:11:54.068453 #2702]  INFO -- : Started GET "/shop" for 10.0.2.2 at 2014-10-18 10:11:54 +0000
I, [2014-10-18T10:11:54.069382 #2702]  INFO -- : Processing by Shop::TopController#index as HTML
I, [2014-10-18T10:11:54.070290 #2702]  INFO -- :   Rendered shop/top/index.html.erb within layouts/shop (0.0ms)
I, [2014-10-18T10:11:54.070930 #2702]  INFO -- :   Rendered shared/_header.html.erb (0.1ms)
I, [2014-10-18T10:11:54.071184 #2702]  INFO -- :   Rendered shared/_footer.html.erb (0.0ms)
I, [2014-10-18T10:11:54.071489 #2702]  INFO -- : Completed 200 OK in 2ms (Views: 1.4ms | ActiveRecord: 0.0ms)
I, [2014-10-18T10:11:54.195538 #2702]  INFO -- : Started GET "/apple-touch-icon-precomposed.png" for 10.0.2.2 at 2014-10-18 10:11:54 +0000
F, [2014-10-18T10:11:54.197014 #2702] FATAL -- : 
ActionController::RoutingError (No route matches [GET] "/apple-touch-icon-precomposed.png"):
  /home.gem/ruby/2.1.3/gems/actionpack-4.1.6/lib/action_dispatch/middleware/debug_exceptions.rb:21:in `call'
  /home.gem/ruby/2.1.3/gems/actionpack-4.1.6/lib/action_dispatch/middleware/show_exceptions.rb:30:in `call'
  /home.gem/ruby/2.1.3/gems/railties-4.1.6/lib/rails/rack/logger.rb:38:in `call_app'
  /home.gem/ruby/2.1.3/gems/railties-4.1.6/lib/rails/rack/logger.rb:20:in `block in call'
  /home.gem/ruby/2.1.3/gems/activesupport-4.1.6/lib/active_support/tagged_logging.rb:68:in `block in tagged'
  /home.gem/ruby/2.1.3/gems/activesupport-4.1.6/lib/active_support/tagged_logging.rb:26:in `tagged'
  /home.gem/ruby/2.1.3/gems/activesupport-4.1.6/lib/active_support/tagged_logging.rb:68:in `tagged'
  /home.gem/ruby/2.1.3/gems/railties-4.1.6/lib/rails/rack/logger.rb:20:in `call'
  /home.gem/ruby/2.1.3/gems/actionpack-4.1.6/lib/action_dispatch/middleware/request_id.rb:21:in `call'
  /home.gem/ruby/2.1.3/gems/rack-1.5.2/lib/rack/methodoverride.rb:21:in `call'
  /home.gem/ruby/2.1.3/gems/rack-1.5.2/lib/rack/runtime.rb:17:in `call'
  /home.gem/ruby/2.1.3/gems/activesupport-4.1.6/lib/active_support/cache/strategy/local_cache_middleware.rb:26:in `call'
  /home.gem/ruby/2.1.3/gems/actionpack-4.1.6/lib/action_dispatch/middleware/static.rb:64:in `call'
  /home.gem/ruby/2.1.3/gems/rack-1.5.2/lib/rack/sendfile.rb:112:in `call'
  /home.gem/ruby/2.1.3/gems/railties-4.1.6/lib/rails/engine.rb:514:in `call'
  /home.gem/ruby/2.1.3/gems/railties-4.1.6/lib/rails/application.rb:144:in `call'
  /home.gem/ruby/2.1.3/gems/rack-1.5.2/lib/rack/lock.rb:17:in `call'
  /home.gem/ruby/2.1.3/gems/rack-1.5.2/lib/rack/content_length.rb:14:in `call'
  /home.gem/ruby/2.1.3/gems/rack-1.5.2/lib/rack/handler/webrick.rb:60:in `service'
  /opt/rubies/ruby-2.1.3/lib/ruby/2.1.0/webrick/httpserver.rb:138:in `service'
  /opt/rubies/ruby-2.1.3/lib/ruby/2.1.0/webrick/httpserver.rb:94:in `run'
  /opt/rubies/ruby-2.1.3/lib/ruby/2.1.0/webrick/server.rb:295:in `block in start_thread'


I, [2014-10-18T10:11:54.203267 #2702]  INFO -- : Started GET "/apple-touch-icon.png" for 10.0.2.2 at 2014-10-18 10:11:54 +0000
F, [2014-10-18T10:11:54.204276 #2702] FATAL -- : 
ActionController::RoutingError (No route matches [GET] "/apple-touch-icon.png"):
  /home.gem/ruby/2.1.3/gems/actionpack-4.1.6/lib/action_dispatch/middleware/debug_exceptions.rb:21:in `call'
  /home.gem/ruby/2.1.3/gems/actionpack-4.1.6/lib/action_dispatch/middleware/show_exceptions.rb:30:in `call'
  /home.gem/ruby/2.1.3/gems/railties-4.1.6/lib/rails/rack/logger.rb:38:in `call_app'
  /home.gem/ruby/2.1.3/gems/railties-4.1.6/lib/rails/rack/logger.rb:20:in `block in call'
  /home.gem/ruby/2.1.3/gems/activesupport-4.1.6/lib/active_support/tagged_logging.rb:68:in `block in tagged'
  /home.gem/ruby/2.1.3/gems/activesupport-4.1.6/lib/active_support/tagged_logging.rb:26:in `tagged'
  /home.gem/ruby/2.1.3/gems/activesupport-4.1.6/lib/active_support/tagged_logging.rb:68:in `tagged'
  /home.gem/ruby/2.1.3/gems/railties-4.1.6/lib/rails/rack/logger.rb:20:in `call'
  /home.gem/ruby/2.1.3/gems/actionpack-4.1.6/lib/action_dispatch/middleware/request_id.rb:21:in `call'
  /home.gem/ruby/2.1.3/gems/rack-1.5.2/lib/rack/methodoverride.rb:21:in `call'
  /home.gem/ruby/2.1.3/gems/rack-1.5.2/lib/rack/runtime.rb:17:in `call'
  /home.gem/ruby/2.1.3/gems/activesupport-4.1.6/lib/active_support/cache/strategy/local_cache_middleware.rb:26:in `call'
  /home.gem/ruby/2.1.3/gems/actionpack-4.1.6/lib/action_dispatch/middleware/static.rb:64:in `call'
  /home.gem/ruby/2.1.3/gems/rack-1.5.2/lib/rack/sendfile.rb:112:in `call'
  /home.gem/ruby/2.1.3/gems/railties-4.1.6/lib/rails/engine.rb:514:in `call'
  /home.gem/ruby/2.1.3/gems/railties-4.1.6/lib/rails/application.rb:144:in `call'
  /home.gem/ruby/2.1.3/gems/rack-1.5.2/lib/rack/lock.rb:17:in `call'
  /home.gem/ruby/2.1.3/gems/rack-1.5.2/lib/rack/content_length.rb:14:in `call'
  /home.gem/ruby/2.1.3/gems/rack-1.5.2/lib/rack/handler/webrick.rb:60:in `service'
  /opt/rubies/ruby-2.1.3/lib/ruby/2.1.0/webrick/httpserver.rb:138:in `service'
  /opt/rubies/ruby-2.1.3/lib/ruby/2.1.0/webrick/httpserver.rb:94:in `run'
  /opt/rubies/ruby-2.1.3/lib/ruby/2.1.0/webrick/server.rb:295:in `block in start_thread'


I, [2014-10-18T10:11:55.790749 #2702]  INFO -- : Started GET "/shop" for 10.0.2.2 at 2014-10-18 10:11:55 +0000
I, [2014-10-18T10:11:55.791648 #2702]  INFO -- : Processing by Shop::TopController#index as HTML
I, [2014-10-18T10:11:55.792600 #2702]  INFO -- :   Rendered shop/top/index.html.erb within layouts/shop (0.0ms)
I, [2014-10-18T10:11:55.793251 #2702]  INFO -- :   Rendered shared/_header.html.erb (0.1ms)
I, [2014-10-18T10:11:55.793569 #2702]  INFO -- :   Rendered shared/_footer.html.erb (0.0ms)
I, [2014-10-18T10:11:55.793874 #2702]  INFO -- : Completed 200 OK in 2ms (Views: 1.5ms | ActiveRecord: 0.0ms)
I, [2014-10-18T10:11:56.625005 #2702]  INFO -- : Started GET "/" for 10.0.2.2 at 2014-10-18 10:11:56 +0000
F, [2014-10-18T10:11:56.625730 #2702] FATAL -- : 
ActionController::RoutingError (No route matches [GET] "/"):
  /home.gem/ruby/2.1.3/gems/actionpack-4.1.6/lib/action_dispatch/middleware/debug_exceptions.rb:21:in `call'
  /home.gem/ruby/2.1.3/gems/actionpack-4.1.6/lib/action_dispatch/middleware/show_exceptions.rb:30:in `call'
  /home.gem/ruby/2.1.3/gems/railties-4.1.6/lib/rails/rack/logger.rb:38:in `call_app'
  /home.gem/ruby/2.1.3/gems/railties-4.1.6/lib/rails/rack/logger.rb:20:in `block in call'
  /home.gem/ruby/2.1.3/gems/activesupport-4.1.6/lib/active_support/tagged_logging.rb:68:in `block in tagged'
  /home.gem/ruby/2.1.3/gems/activesupport-4.1.6/lib/active_support/tagged_logging.rb:26:in `tagged'
  /home.gem/ruby/2.1.3/gems/activesupport-4.1.6/lib/active_support/tagged_logging.rb:68:in `tagged'
  /home.gem/ruby/2.1.3/gems/railties-4.1.6/lib/rails/rack/logger.rb:20:in `call'
  /home.gem/ruby/2.1.3/gems/actionpack-4.1.6/lib/action_dispatch/middleware/request_id.rb:21:in `call'
  /home.gem/ruby/2.1.3/gems/rack-1.5.2/lib/rack/methodoverride.rb:21:in `call'
  /home.gem/ruby/2.1.3/gems/rack-1.5.2/lib/rack/runtime.rb:17:in `call'
  /home.gem/ruby/2.1.3/gems/activesupport-4.1.6/lib/active_support/cache/strategy/local_cache_middleware.rb:26:in `call'
  /home.gem/ruby/2.1.3/gems/actionpack-4.1.6/lib/action_dispatch/middleware/static.rb:64:in `call'
  /home.gem/ruby/2.1.3/gems/rack-1.5.2/lib/rack/sendfile.rb:112:in `call'
  /home.gem/ruby/2.1.3/gems/railties-4.1.6/lib/rails/engine.rb:514:in `call'
  /home.gem/ruby/2.1.3/gems/railties-4.1.6/lib/rails/application.rb:144:in `call'
  /home.gem/ruby/2.1.3/gems/rack-1.5.2/lib/rack/lock.rb:17:in `call'
  /home.gem/ruby/2.1.3/gems/rack-1.5.2/lib/rack/content_length.rb:14:in `call'
  /home.gem/ruby/2.1.3/gems/rack-1.5.2/lib/rack/handler/webrick.rb:60:in `service'
  /opt/rubies/ruby-2.1.3/lib/ruby/2.1.0/webrick/httpserver.rb:138:in `service'
  /opt/rubies/ruby-2.1.3/lib/ruby/2.1.0/webrick/httpserver.rb:94:in `run'
  /opt/rubies/ruby-2.1.3/lib/ruby/2.1.0/webrick/server.rb:295:in `block in start_thread'


I, [2014-10-18T10:11:58.375706 #2702]  INFO -- : Started GET "/shop" for 10.0.2.2 at 2014-10-18 10:11:58 +0000
I, [2014-10-18T10:11:58.376565 #2702]  INFO -- : Processing by Shop::TopController#index as HTML
I, [2014-10-18T10:11:58.377509 #2702]  INFO -- :   Rendered shop/top/index.html.erb within layouts/shop (0.1ms)
I, [2014-10-18T10:11:58.378184 #2702]  INFO -- :   Rendered shared/_header.html.erb (0.1ms)
I, [2014-10-18T10:11:58.378420 #2702]  INFO -- :   Rendered shared/_footer.html.erb (0.0ms)
I, [2014-10-18T10:11:58.378616 #2702]  INFO -- : Completed 200 OK in 2ms (Views: 1.4ms | ActiveRecord: 0.0ms)
I, [2014-10-18T10:12:00.723311 #2702]  INFO -- : Started GET "/shop" for 10.0.2.2 at 2014-10-18 10:12:00 +0000
I, [2014-10-18T10:12:00.724982 #2702]  INFO -- : Processing by Shop::TopController#index as HTML
I, [2014-10-18T10:12:00.726784 #2702]  INFO -- :   Rendered shop/top/index.html.erb within layouts/shop (0.2ms)
I, [2014-10-18T10:12:00.728614 #2702]  INFO -- :   Rendered shared/_header.html.erb (0.1ms)
I, [2014-10-18T10:12:00.728971 #2702]  INFO -- :   Rendered shared/_footer.html.erb (0.0ms)
I, [2014-10-18T10:12:00.729348 #2702]  INFO -- : Completed 200 OK in 4ms (Views: 3.1ms | ActiveRecord: 0.0ms)
I, [2014-10-18T10:12:00.926374 #2702]  INFO -- : Started GET "/" for 10.0.2.2 at 2014-10-18 10:12:00 +0000
F, [2014-10-18T10:12:00.927263 #2702] FATAL -- : 
ActionController::RoutingError (No route matches [GET] "/"):
  /home.gem/ruby/2.1.3/gems/actionpack-4.1.6/lib/action_dispatch/middleware/debug_exceptions.rb:21:in `call'
  /home.gem/ruby/2.1.3/gems/actionpack-4.1.6/lib/action_dispatch/middleware/show_exceptions.rb:30:in `call'
  /home.gem/ruby/2.1.3/gems/railties-4.1.6/lib/rails/rack/logger.rb:38:in `call_app'
  /home.gem/ruby/2.1.3/gems/railties-4.1.6/lib/rails/rack/logger.rb:20:in `block in call'
  /home.gem/ruby/2.1.3/gems/activesupport-4.1.6/lib/active_support/tagged_logging.rb:68:in `block in tagged'
  /home.gem/ruby/2.1.3/gems/activesupport-4.1.6/lib/active_support/tagged_logging.rb:26:in `tagged'
  /home.gem/ruby/2.1.3/gems/activesupport-4.1.6/lib/active_support/tagged_logging.rb:68:in `tagged'
  /home.gem/ruby/2.1.3/gems/railties-4.1.6/lib/rails/rack/logger.rb:20:in `call'
  /home.gem/ruby/2.1.3/gems/actionpack-4.1.6/lib/action_dispatch/middleware/request_id.rb:21:in `call'
  /home.gem/ruby/2.1.3/gems/rack-1.5.2/lib/rack/methodoverride.rb:21:in `call'
  /home.gem/ruby/2.1.3/gems/rack-1.5.2/lib/rack/runtime.rb:17:in `call'
  /home.gem/ruby/2.1.3/gems/activesupport-4.1.6/lib/active_support/cache/strategy/local_cache_middleware.rb:26:in `call'
  /home.gem/ruby/2.1.3/gems/actionpack-4.1.6/lib/action_dispatch/middleware/static.rb:64:in `call'
  /home.gem/ruby/2.1.3/gems/rack-1.5.2/lib/rack/sendfile.rb:112:in `call'
  /home.gem/ruby/2.1.3/gems/railties-4.1.6/lib/rails/engine.rb:514:in `call'
  /home.gem/ruby/2.1.3/gems/railties-4.1.6/lib/rails/application.rb:144:in `call'
  /home.gem/ruby/2.1.3/gems/rack-1.5.2/lib/rack/lock.rb:17:in `call'
  /home.gem/ruby/2.1.3/gems/rack-1.5.2/lib/rack/content_length.rb:14:in `call'
  /home.gem/ruby/2.1.3/gems/rack-1.5.2/lib/rack/handler/webrick.rb:60:in `service'
  /opt/rubies/ruby-2.1.3/lib/ruby/2.1.0/webrick/httpserver.rb:138:in `service'
  /opt/rubies/ruby-2.1.3/lib/ruby/2.1.0/webrick/httpserver.rb:94:in `run'
  /opt/rubies/ruby-2.1.3/lib/ruby/2.1.0/webrick/server.rb:295:in `block in start_thread'


I, [2014-10-18T10:12:01.386300 #2702]  INFO -- : Started GET "/girl" for 10.0.2.2 at 2014-10-18 10:12:01 +0000
I, [2014-10-18T10:12:01.388297 #2702]  INFO -- : Processing by Girl::TopController#index as HTML
I, [2014-10-18T10:12:01.426416 #2702]  INFO -- : Completed 500 Internal Server Error in 38ms
F, [2014-10-18T10:12:01.427305 #2702] FATAL -- : 
ActionView::MissingTemplate (Missing template errors/internal_server_error with {:locale=>[:ja], :formats=>[:html], :variants=>[], :handlers=>[:erb, :builder, :raw, :ruby, :jbuilder, :coffee]}. Searched in:
  * "/vagrant/app/views"
  * "/home/vagrant/.gem/ruby/2.1.3/gems/kaminari-0.16.1/app/views"
  * "/vagrant"
  * "/"
):
  app/controllers/application_controller.rb:38:in `rescue500'


I, [2014-10-18T10:16:23.640544 #2721]  INFO -- : Started GET "/girl" for 10.0.2.2 at 2014-10-18 10:16:23 +0000
I, [2014-10-18T10:16:23.703257 #2721]  INFO -- : Processing by Girl::TopController#index as HTML
I, [2014-10-18T10:16:23.769846 #2721]  INFO -- :   Rendered girl/top/index.html.erb within layouts/girl (0.7ms)
I, [2014-10-18T10:16:23.788310 #2721]  INFO -- :   Rendered shared/_header.html.erb (0.9ms)
I, [2014-10-18T10:16:23.805350 #2721]  INFO -- :   Rendered shared/_footer.html.erb (0.5ms)
I, [2014-10-18T10:16:23.805943 #2721]  INFO -- : Completed 200 OK in 102ms (Views: 78.7ms | ActiveRecord: 0.0ms)
I, [2014-10-18T10:26:22.878879 #2721]  INFO -- : Started GET "/girlsafsa" for 10.0.2.2 at 2014-10-18 10:26:22 +0000
F, [2014-10-18T10:26:22.915349 #2721] FATAL -- : 
ActionController::RoutingError (No route matches [GET] "/girlsafsa"):
  /home.gem/ruby/2.1.3/gems/actionpack-4.1.6/lib/action_dispatch/middleware/debug_exceptions.rb:21:in `call'
  /home.gem/ruby/2.1.3/gems/actionpack-4.1.6/lib/action_dispatch/middleware/show_exceptions.rb:30:in `call'
  /home.gem/ruby/2.1.3/gems/railties-4.1.6/lib/rails/rack/logger.rb:38:in `call_app'
  /home.gem/ruby/2.1.3/gems/railties-4.1.6/lib/rails/rack/logger.rb:20:in `block in call'
  /home.gem/ruby/2.1.3/gems/activesupport-4.1.6/lib/active_support/tagged_logging.rb:68:in `block in tagged'
  /home.gem/ruby/2.1.3/gems/activesupport-4.1.6/lib/active_support/tagged_logging.rb:26:in `tagged'
  /home.gem/ruby/2.1.3/gems/activesupport-4.1.6/lib/active_support/tagged_logging.rb:68:in `tagged'
  /home.gem/ruby/2.1.3/gems/railties-4.1.6/lib/rails/rack/logger.rb:20:in `call'
  /home.gem/ruby/2.1.3/gems/actionpack-4.1.6/lib/action_dispatch/middleware/request_id.rb:21:in `call'
  /home.gem/ruby/2.1.3/gems/rack-1.5.2/lib/rack/methodoverride.rb:21:in `call'
  /home.gem/ruby/2.1.3/gems/rack-1.5.2/lib/rack/runtime.rb:17:in `call'
  /home.gem/ruby/2.1.3/gems/activesupport-4.1.6/lib/active_support/cache/strategy/local_cache_middleware.rb:26:in `call'
  /home.gem/ruby/2.1.3/gems/rack-1.5.2/lib/rack/lock.rb:17:in `call'
  /home.gem/ruby/2.1.3/gems/actionpack-4.1.6/lib/action_dispatch/middleware/static.rb:64:in `call'
  /home.gem/ruby/2.1.3/gems/rack-1.5.2/lib/rack/sendfile.rb:112:in `call'
  /home.gem/ruby/2.1.3/gems/railties-4.1.6/lib/rails/engine.rb:514:in `call'
  /home.gem/ruby/2.1.3/gems/railties-4.1.6/lib/rails/application.rb:144:in `call'
  /home.gem/ruby/2.1.3/gems/rack-1.5.2/lib/rack/lock.rb:17:in `call'
  /home.gem/ruby/2.1.3/gems/rack-1.5.2/lib/rack/content_length.rb:14:in `call'
  /home.gem/ruby/2.1.3/gems/rack-1.5.2/lib/rack/handler/webrick.rb:60:in `service'
  /opt/rubies/ruby-2.1.3/lib/ruby/2.1.0/webrick/httpserver.rb:138:in `service'
  /opt/rubies/ruby-2.1.3/lib/ruby/2.1.0/webrick/httpserver.rb:94:in `run'
  /opt/rubies/ruby-2.1.3/lib/ruby/2.1.0/webrick/server.rb:295:in `block in start_thread'


I, [2014-10-18T10:27:09.227493 #2743]  INFO -- : Started GET "/girlsafsa" for 10.0.2.2 at 2014-10-18 10:27:09 +0000
F, [2014-10-18T10:27:09.281453 #2743] FATAL -- : 
ActionController::RoutingError (No route matches [GET] "/girlsafsa"):
  /home.gem/ruby/2.1.3/gems/actionpack-4.1.6/lib/action_dispatch/middleware/debug_exceptions.rb:21:in `call'
  /home.gem/ruby/2.1.3/gems/actionpack-4.1.6/lib/action_dispatch/middleware/show_exceptions.rb:30:in `call'
  /home.gem/ruby/2.1.3/gems/railties-4.1.6/lib/rails/rack/logger.rb:38:in `call_app'
  /home.gem/ruby/2.1.3/gems/railties-4.1.6/lib/rails/rack/logger.rb:20:in `block in call'
  /home.gem/ruby/2.1.3/gems/activesupport-4.1.6/lib/active_support/tagged_logging.rb:68:in `block in tagged'
  /home.gem/ruby/2.1.3/gems/activesupport-4.1.6/lib/active_support/tagged_logging.rb:26:in `tagged'
  /home.gem/ruby/2.1.3/gems/activesupport-4.1.6/lib/active_support/tagged_logging.rb:68:in `tagged'
  /home.gem/ruby/2.1.3/gems/railties-4.1.6/lib/rails/rack/logger.rb:20:in `call'
  /home.gem/ruby/2.1.3/gems/actionpack-4.1.6/lib/action_dispatch/middleware/request_id.rb:21:in `call'
  /home.gem/ruby/2.1.3/gems/rack-1.5.2/lib/rack/methodoverride.rb:21:in `call'
  /home.gem/ruby/2.1.3/gems/rack-1.5.2/lib/rack/runtime.rb:17:in `call'
  /home.gem/ruby/2.1.3/gems/activesupport-4.1.6/lib/active_support/cache/strategy/local_cache_middleware.rb:26:in `call'
  /home.gem/ruby/2.1.3/gems/rack-1.5.2/lib/rack/lock.rb:17:in `call'
  /home.gem/ruby/2.1.3/gems/actionpack-4.1.6/lib/action_dispatch/middleware/static.rb:64:in `call'
  /home.gem/ruby/2.1.3/gems/rack-1.5.2/lib/rack/sendfile.rb:112:in `call'
  /home.gem/ruby/2.1.3/gems/railties-4.1.6/lib/rails/engine.rb:514:in `call'
  /home.gem/ruby/2.1.3/gems/railties-4.1.6/lib/rails/application.rb:144:in `call'
  /home.gem/ruby/2.1.3/gems/rack-1.5.2/lib/rack/lock.rb:17:in `call'
  /home.gem/ruby/2.1.3/gems/rack-1.5.2/lib/rack/content_length.rb:14:in `call'
  /home.gem/ruby/2.1.3/gems/rack-1.5.2/lib/rack/handler/webrick.rb:60:in `service'
  /opt/rubies/ruby-2.1.3/lib/ruby/2.1.0/webrick/httpserver.rb:138:in `service'
  /opt/rubies/ruby-2.1.3/lib/ruby/2.1.0/webrick/httpserver.rb:94:in `run'
  /opt/rubies/ruby-2.1.3/lib/ruby/2.1.0/webrick/server.rb:295:in `block in start_thread'


I, [2014-10-18T10:28:00.448531 #2743]  INFO -- : Started GET "/girlsafsa" for 10.0.2.2 at 2014-10-18 10:28:00 +0000
F, [2014-10-18T10:28:00.506272 #2743] FATAL -- : 
ActionController::RoutingError (No route matches [GET] "/girlsafsa"):
  /home.gem/ruby/2.1.3/gems/actionpack-4.1.6/lib/action_dispatch/middleware/debug_exceptions.rb:21:in `call'
  /home.gem/ruby/2.1.3/gems/actionpack-4.1.6/lib/action_dispatch/middleware/show_exceptions.rb:30:in `call'
  /home.gem/ruby/2.1.3/gems/railties-4.1.6/lib/rails/rack/logger.rb:38:in `call_app'
  /home.gem/ruby/2.1.3/gems/railties-4.1.6/lib/rails/rack/logger.rb:20:in `block in call'
  /home.gem/ruby/2.1.3/gems/activesupport-4.1.6/lib/active_support/tagged_logging.rb:68:in `block in tagged'
  /home.gem/ruby/2.1.3/gems/activesupport-4.1.6/lib/active_support/tagged_logging.rb:26:in `tagged'
  /home.gem/ruby/2.1.3/gems/activesupport-4.1.6/lib/active_support/tagged_logging.rb:68:in `tagged'
  /home.gem/ruby/2.1.3/gems/railties-4.1.6/lib/rails/rack/logger.rb:20:in `call'
  /home.gem/ruby/2.1.3/gems/actionpack-4.1.6/lib/action_dispatch/middleware/request_id.rb:21:in `call'
  /home.gem/ruby/2.1.3/gems/rack-1.5.2/lib/rack/methodoverride.rb:21:in `call'
  /home.gem/ruby/2.1.3/gems/rack-1.5.2/lib/rack/runtime.rb:17:in `call'
  /home.gem/ruby/2.1.3/gems/activesupport-4.1.6/lib/active_support/cache/strategy/local_cache_middleware.rb:26:in `call'
  /home.gem/ruby/2.1.3/gems/rack-1.5.2/lib/rack/lock.rb:17:in `call'
  /home.gem/ruby/2.1.3/gems/actionpack-4.1.6/lib/action_dispatch/middleware/static.rb:64:in `call'
  /home.gem/ruby/2.1.3/gems/rack-1.5.2/lib/rack/sendfile.rb:112:in `call'
  /home.gem/ruby/2.1.3/gems/railties-4.1.6/lib/rails/engine.rb:514:in `call'
  /home.gem/ruby/2.1.3/gems/railties-4.1.6/lib/rails/application.rb:144:in `call'
  /home.gem/ruby/2.1.3/gems/rack-1.5.2/lib/rack/lock.rb:17:in `call'
  /home.gem/ruby/2.1.3/gems/rack-1.5.2/lib/rack/content_length.rb:14:in `call'
  /home.gem/ruby/2.1.3/gems/rack-1.5.2/lib/rack/handler/webrick.rb:60:in `service'
  /opt/rubies/ruby-2.1.3/lib/ruby/2.1.0/webrick/httpserver.rb:138:in `service'
  /opt/rubies/ruby-2.1.3/lib/ruby/2.1.0/webrick/httpserver.rb:94:in `run'
  /opt/rubies/ruby-2.1.3/lib/ruby/2.1.0/webrick/server.rb:295:in `block in start_thread'


I, [2014-10-18T10:28:01.184332 #2743]  INFO -- : Started GET "/girl" for 10.0.2.2 at 2014-10-18 10:28:01 +0000
I, [2014-10-18T10:28:01.255467 #2743]  INFO -- : Processing by Girl::TopController#index as HTML
I, [2014-10-18T10:28:01.307457 #2743]  INFO -- :   Rendered girl/top/index.html.erb within layouts/girl (0.5ms)
I, [2014-10-18T10:28:01.333997 #2743]  INFO -- :   Rendered shared/_header.html.erb (0.6ms)
I, [2014-10-18T10:28:01.351292 #2743]  INFO -- :   Rendered shared/_footer.html.erb (0.3ms)
I, [2014-10-18T10:28:01.351702 #2743]  INFO -- : Completed 200 OK in 95ms (Views: 83.0ms | ActiveRecord: 0.0ms)
I, [2014-10-18T10:28:02.687702 #2743]  INFO -- : Started GET "/girl" for 10.0.2.2 at 2014-10-18 10:28:02 +0000
I, [2014-10-18T10:28:02.738316 #2743]  INFO -- : Processing by Girl::TopController#index as HTML
I, [2014-10-18T10:28:02.783617 #2743]  INFO -- :   Rendered girl/top/index.html.erb within layouts/girl (0.2ms)
I, [2014-10-18T10:28:02.807037 #2743]  INFO -- :   Rendered shared/_header.html.erb (0.1ms)
I, [2014-10-18T10:28:02.824234 #2743]  INFO -- :   Rendered shared/_footer.html.erb (0.1ms)
I, [2014-10-18T10:28:02.824963 #2743]  INFO -- : Completed 200 OK in 86ms (Views: 85.8ms | ActiveRecord: 0.0ms)
I, [2014-10-18T10:28:02.853213 #2743]  INFO -- : Started GET "/" for 10.0.2.2 at 2014-10-18 10:28:02 +0000
F, [2014-10-18T10:28:02.885565 #2743] FATAL -- : 
ActionController::RoutingError (No route matches [GET] "/"):
  /home.gem/ruby/2.1.3/gems/actionpack-4.1.6/lib/action_dispatch/middleware/debug_exceptions.rb:21:in `call'
  /home.gem/ruby/2.1.3/gems/actionpack-4.1.6/lib/action_dispatch/middleware/show_exceptions.rb:30:in `call'
  /home.gem/ruby/2.1.3/gems/railties-4.1.6/lib/rails/rack/logger.rb:38:in `call_app'
  /home.gem/ruby/2.1.3/gems/railties-4.1.6/lib/rails/rack/logger.rb:20:in `block in call'
  /home.gem/ruby/2.1.3/gems/activesupport-4.1.6/lib/active_support/tagged_logging.rb:68:in `block in tagged'
  /home.gem/ruby/2.1.3/gems/activesupport-4.1.6/lib/active_support/tagged_logging.rb:26:in `tagged'
  /home.gem/ruby/2.1.3/gems/activesupport-4.1.6/lib/active_support/tagged_logging.rb:68:in `tagged'
  /home.gem/ruby/2.1.3/gems/railties-4.1.6/lib/rails/rack/logger.rb:20:in `call'
  /home.gem/ruby/2.1.3/gems/actionpack-4.1.6/lib/action_dispatch/middleware/request_id.rb:21:in `call'
  /home.gem/ruby/2.1.3/gems/rack-1.5.2/lib/rack/methodoverride.rb:21:in `call'
  /home.gem/ruby/2.1.3/gems/rack-1.5.2/lib/rack/runtime.rb:17:in `call'
  /home.gem/ruby/2.1.3/gems/activesupport-4.1.6/lib/active_support/cache/strategy/local_cache_middleware.rb:26:in `call'
  /home.gem/ruby/2.1.3/gems/rack-1.5.2/lib/rack/lock.rb:17:in `call'
  /home.gem/ruby/2.1.3/gems/actionpack-4.1.6/lib/action_dispatch/middleware/static.rb:64:in `call'
  /home.gem/ruby/2.1.3/gems/rack-1.5.2/lib/rack/sendfile.rb:112:in `call'
  /home.gem/ruby/2.1.3/gems/railties-4.1.6/lib/rails/engine.rb:514:in `call'
  /home.gem/ruby/2.1.3/gems/railties-4.1.6/lib/rails/application.rb:144:in `call'
  /home.gem/ruby/2.1.3/gems/rack-1.5.2/lib/rack/lock.rb:17:in `call'
  /home.gem/ruby/2.1.3/gems/rack-1.5.2/lib/rack/content_length.rb:14:in `call'
  /home.gem/ruby/2.1.3/gems/rack-1.5.2/lib/rack/handler/webrick.rb:60:in `service'
  /opt/rubies/ruby-2.1.3/lib/ruby/2.1.0/webrick/httpserver.rb:138:in `service'
  /opt/rubies/ruby-2.1.3/lib/ruby/2.1.0/webrick/httpserver.rb:94:in `run'
  /opt/rubies/ruby-2.1.3/lib/ruby/2.1.0/webrick/server.rb:295:in `block in start_thread'


I, [2014-10-18T10:28:03.250930 #2743]  INFO -- : Started GET "/admin" for 10.0.2.2 at 2014-10-18 10:28:03 +0000
I, [2014-10-18T10:28:03.303100 #2743]  INFO -- : Processing by Admin::TopController#index as HTML
I, [2014-10-18T10:28:03.348447 #2743]  INFO -- :   Rendered errors/internal_server_error.html.erb within layouts/admin (0.3ms)
I, [2014-10-18T10:28:03.363548 #2743]  INFO -- :   Rendered shared/_header.html.erb (0.1ms)
I, [2014-10-18T10:28:03.377482 #2743]  INFO -- :   Rendered shared/_footer.html.erb (0.1ms)
I, [2014-10-18T10:28:03.377805 #2743]  INFO -- : Completed 500 Internal Server Error in 74ms (Views: 73.9ms | ActiveRecord: 0.0ms)
I, [2014-10-18T10:28:04.215126 #2743]  INFO -- : Started GET "/admin" for 10.0.2.2 at 2014-10-18 10:28:04 +0000
I, [2014-10-18T10:28:04.247333 #2743]  INFO -- : Processing by Admin::TopController#index as HTML
I, [2014-10-18T10:28:04.277028 #2743]  INFO -- :   Rendered errors/internal_server_error.html.erb within layouts/admin (0.1ms)
I, [2014-10-18T10:28:04.294374 #2743]  INFO -- :   Rendered shared/_header.html.erb (0.1ms)
I, [2014-10-18T10:28:04.309047 #2743]  INFO -- :   Rendered shared/_footer.html.erb (0.0ms)
I, [2014-10-18T10:28:04.309326 #2743]  INFO -- : Completed 500 Internal Server Error in 62ms (Views: 61.4ms | ActiveRecord: 0.0ms)
I, [2014-10-18T11:20:10.476474 #2791]  INFO -- : Started GET "/admin" for 10.0.2.2 at 2014-10-18 11:20:10 +0000
I, [2014-10-18T11:20:10.489758 #2791]  INFO -- : Processing by Admin::TopController#index as HTML
I, [2014-10-18T11:20:10.534186 #2791]  INFO -- :   Rendered errors/internal_server_error.html.erb within layouts/admin (0.4ms)
I, [2014-10-18T11:20:10.551255 #2791]  INFO -- :   Rendered shared/_header.html.erb (0.5ms)
I, [2014-10-18T11:20:10.575232 #2791]  INFO -- :   Rendered shared/_footer.html.erb (1.7ms)
I, [2014-10-18T11:20:10.575774 #2791]  INFO -- : Completed 500 Internal Server Error in 86ms (Views: 71.1ms | ActiveRecord: 0.0ms)
I, [2014-10-18T11:20:20.371956 #2791]  INFO -- : Started GET "/admin" for 10.0.2.2 at 2014-10-18 11:20:20 +0000
I, [2014-10-18T11:20:20.373607 #2791]  INFO -- : Processing by Admin::TopController#index as HTML
I, [2014-10-18T11:20:20.374392 #2791]  INFO -- :   Rendered errors/internal_server_error.html.erb within layouts/admin (0.0ms)
I, [2014-10-18T11:20:20.374973 #2791]  INFO -- :   Rendered shared/_header.html.erb (0.0ms)
I, [2014-10-18T11:20:20.374973 #2791]  INFO -- :   Rendered shared/_footer.html.erb (0.0ms)
I, [2014-10-18T11:20:20.375135 #2791]  INFO -- : Completed 500 Internal Server Error in 1ms (Views: 1.1ms | ActiveRecord: 0.0ms)
I, [2014-10-18T11:20:20.683682 #2791]  INFO -- : Started GET "/admin" for 10.0.2.2 at 2014-10-18 11:20:20 +0000
I, [2014-10-18T11:20:20.685291 #2791]  INFO -- : Processing by Admin::TopController#index as HTML
I, [2014-10-18T11:20:20.686402 #2791]  INFO -- :   Rendered errors/internal_server_error.html.erb within layouts/admin (0.0ms)
I, [2014-10-18T11:20:20.687025 #2791]  INFO -- :   Rendered shared/_header.html.erb (0.1ms)
I, [2014-10-18T11:20:20.687281 #2791]  INFO -- :   Rendered shared/_footer.html.erb (0.0ms)
I, [2014-10-18T11:20:20.687533 #2791]  INFO -- : Completed 500 Internal Server Error in 2ms (Views: 1.4ms | ActiveRecord: 0.0ms)
I, [2014-10-18T11:20:41.959570 #2791]  INFO -- : Started GET "/admin" for 10.0.2.2 at 2014-10-18 11:20:41 +0000
I, [2014-10-18T11:20:41.960445 #2791]  INFO -- : Processing by Admin::TopController#index as HTML
I, [2014-10-18T11:20:41.961396 #2791]  INFO -- :   Rendered errors/internal_server_error.html.erb within layouts/admin (0.0ms)
I, [2014-10-18T11:20:41.962101 #2791]  INFO -- :   Rendered shared/_header.html.erb (0.1ms)
I, [2014-10-18T11:20:41.962380 #2791]  INFO -- :   Rendered shared/_footer.html.erb (0.0ms)
I, [2014-10-18T11:20:41.962704 #2791]  INFO -- : Completed 500 Internal Server Error in 2ms (Views: 1.6ms | ActiveRecord: 0.0ms)
I, [2014-10-18T11:20:42.729245 #2791]  INFO -- : Started GET "/" for 10.0.2.2 at 2014-10-18 11:20:42 +0000
I, [2014-10-18T11:20:42.899162 #2791]  INFO -- : Processing by ErrorsController#not_found as HTML
I, [2014-10-18T11:20:42.928262 #2791]  INFO -- :   Rendered errors/not_found.html.erb within layouts/girl (0.4ms)
I, [2014-10-18T11:20:42.930142 #2791]  INFO -- :   Rendered shared/_header.html.erb (0.1ms)
I, [2014-10-18T11:20:42.930415 #2791]  INFO -- :   Rendered shared/_footer.html.erb (0.0ms)
I, [2014-10-18T11:20:42.930753 #2791]  INFO -- : Completed 200 OK in 32ms (Views: 31.1ms | ActiveRecord: 0.0ms)
I, [2014-10-18T11:20:44.449448 #2791]  INFO -- : Started GET "/shop" for 10.0.2.2 at 2014-10-18 11:20:44 +0000
I, [2014-10-18T11:20:44.450807 #2791]  INFO -- : Processing by Shop::TopController#index as HTML
I, [2014-10-18T11:20:44.481578 #2791]  INFO -- :   Rendered shop/top/index.html.erb within layouts/shop (0.4ms)
I, [2014-10-18T11:20:44.482634 #2791]  INFO -- :   Rendered shared/_header.html.erb (0.1ms)
I, [2014-10-18T11:20:44.482757 #2791]  INFO -- :   Rendered shared/_footer.html.erb (0.1ms)
I, [2014-10-18T11:20:44.483148 #2791]  INFO -- : Completed 200 OK in 31ms (Views: 30.9ms | ActiveRecord: 0.0ms)
I, [2014-10-18T11:20:49.690295 #2791]  INFO -- : Started GET "/shopf;lakjsdf" for 10.0.2.2 at 2014-10-18 11:20:49 +0000
I, [2014-10-18T11:20:49.690928 #2791]  INFO -- : Processing by ErrorsController#not_found as HTML
I, [2014-10-18T11:20:49.691069 #2791]  INFO -- :   Parameters: {"anything"=>"shopf;lakjsdf"}
I, [2014-10-18T11:20:49.692049 #2791]  INFO -- :   Rendered errors/not_found.html.erb within layouts/girl (0.1ms)
I, [2014-10-18T11:20:49.692661 #2791]  INFO -- :   Rendered shared/_header.html.erb (0.1ms)
I, [2014-10-18T11:20:49.692705 #2791]  INFO -- :   Rendered shared/_footer.html.erb (0.0ms)
I, [2014-10-18T11:20:49.692970 #2791]  INFO -- : Completed 200 OK in 2ms (Views: 1.2ms | ActiveRecord: 0.0ms)
I, [2015-07-10T11:47:49.175497 #25413]  INFO -- : Migrating to CreateShopInfos (20141021120035)
I, [2015-07-10T11:47:49.225684 #25413]  INFO -- : Migrating to CreateAdmins (20141023121653)
I, [2015-07-10T11:47:49.262186 #25413]  INFO -- : Migrating to CreateShopShows (20141029095710)
I, [2015-07-10T11:47:49.576100 #25413]  INFO -- : Migrating to CreateGirls (20141113094824)
I, [2015-07-10T11:47:49.654880 #25413]  INFO -- : Migrating to CreateApplies (20141113094835)
I, [2015-07-10T11:47:49.813854 #25413]  INFO -- : Migrating to CreatePrefectures (20141119103600)
I, [2015-07-10T11:47:49.902381 #25413]  INFO -- : Migrating to CreateCities (20141121094204)
I, [2015-07-10T11:47:50.045540 #25413]  INFO -- : Migrating to CreateStations (20141123025655)
I, [2015-07-10T11:47:50.187284 #25413]  INFO -- : Migrating to CreateRoutes (20141123025858)
I, [2015-07-10T11:47:50.215061 #25413]  INFO -- : Migrating to CreateCategories (20141123125351)
I, [2015-07-10T11:47:50.253319 #25413]  INFO -- : Migrating to CreateFeatures (20141124042445)
I, [2015-07-10T11:47:50.295059 #25413]  INFO -- : Migrating to CreateCongratulations (20141228053014)
I, [2015-07-10T11:47:50.347015 #25413]  INFO -- : Migrating to CreateInvitations (20150117085622)
I, [2015-07-10T11:47:50.364300 #25413]  INFO -- : Migrating to CreatePoints (20150120130211)
I, [2015-07-10T11:47:50.380144 #25413]  INFO -- : Migrating to CreateQuestions (20150217121839)
I, [2015-07-10T11:47:50.398213 #25413]  INFO -- : Migrating to CreateContacts (20150402120651)
I, [2015-07-10T11:55:11.635508 #25436]  INFO -- : Started GET "/prefectures/1" for 10.0.2.2 at 2015-07-10 11:55:11 +0000
I, [2015-07-10T11:55:11.658001 #25436]  INFO -- : Processing by Girl::PrefecturesController#show as HTML
I, [2015-07-10T11:55:11.658218 #25436]  INFO -- :   Parameters: {"host"=>"girlsbaito.example.com", "id"=>"1"}
I, [2015-07-10T11:55:11.683090 #25436]  INFO -- : Redirected to http://girlsbaito.example.com:4000/session/new
I, [2015-07-10T11:55:11.683391 #25436]  INFO -- : Filter chain halted as :authorize rendered or redirected
I, [2015-07-10T11:55:11.683660 #25436]  INFO -- : Completed 302 Found in 25ms (ActiveRecord: 0.0ms)
I, [2015-07-10T11:55:11.689864 #25436]  INFO -- : Started GET "/session/new" for 10.0.2.2 at 2015-07-10 11:55:11 +0000
I, [2015-07-10T11:55:11.692360 #25436]  INFO -- : Processing by Girl::SessionsController#new as HTML
I, [2015-07-10T11:55:11.692524 #25436]  INFO -- :   Parameters: {"host"=>"girlsbaito.example.com"}
I, [2015-07-10T11:55:11.736468 #25436]  INFO -- :   Rendered girl/sessions/new.html.erb within layouts/girl (2.6ms)
I, [2015-07-10T11:55:11.759685 #25436]  INFO -- :   Rendered girl/shared/_header.html.erb (2.5ms)
I, [2015-07-10T11:55:11.781720 #25436]  INFO -- :   Rendered girl/shared/_footer.html.erb (0.4ms)
I, [2015-07-10T11:55:11.782184 #25436]  INFO -- : Completed 200 OK in 89ms (Views: 88.4ms | ActiveRecord: 0.0ms)
I, [2015-07-10T11:55:11.818530 #25436]  INFO -- : Started GET "/javascripts/girl.js" for 10.0.2.2 at 2015-07-10 11:55:11 +0000
I, [2015-07-10T11:55:12.000638 #25436]  INFO -- : Processing by ErrorsController#not_found as JS
I, [2015-07-10T11:55:12.001165 #25436]  INFO -- :   Parameters: {"anything"=>"javascripts/girl"}
I, [2015-07-10T11:55:12.235764 #25436]  INFO -- :   Rendered errors/not_found.html.erb (0.5ms)
I, [2015-07-10T11:55:12.236175 #25436]  INFO -- : Completed 200 OK in 235ms (Views: 234.1ms | ActiveRecord: 0.0ms)
I, [2015-07-10T11:55:15.233913 #25436]  INFO -- : Started POST "/session" for 10.0.2.2 at 2015-07-10 11:55:15 +0000
I, [2015-07-10T11:55:15.235034 #25436]  INFO -- : Processing by Girl::SessionsController#create as HTML
I, [2015-07-10T11:55:15.235267 #25436]  INFO -- :   Parameters: {"utf8"=>"✓", "authenticity_token"=>"yDEfc275yuh0qieZoVgPSIJ78XVB0KhlGO6kqz7FAKk=", "girl_login_form"=>{"email"=>"girl6@email.com", "password"=>"[FILTERED]"}, "commit"=>"ログイン", "host"=>"girlsbaito.example.com"}
I, [2015-07-10T11:55:15.242053 #25436]  INFO -- :   Rendered girl/sessions/new.html.erb within layouts/girl (0.6ms)
I, [2015-07-10T11:55:15.244399 #25436]  INFO -- :   Rendered girl/shared/_header.html.erb (1.0ms)
I, [2015-07-10T11:55:15.244741 #25436]  INFO -- :   Rendered girl/shared/_footer.html.erb (0.0ms)
I, [2015-07-10T11:55:15.245124 #25436]  INFO -- : Completed 200 OK in 10ms (Views: 4.0ms | ActiveRecord: 1.9ms)
I, [2015-07-10T11:55:15.277458 #25436]  INFO -- : Started GET "/javascripts/girl.js" for 10.0.2.2 at 2015-07-10 11:55:15 +0000
I, [2015-07-10T11:55:15.279923 #25436]  INFO -- : Processing by ErrorsController#not_found as JS
I, [2015-07-10T11:55:15.280610 #25436]  INFO -- :   Parameters: {"anything"=>"javascripts/girl"}
I, [2015-07-10T11:55:15.282475 #25436]  INFO -- :   Rendered errors/not_found.html.erb (0.1ms)
I, [2015-07-10T11:55:15.283069 #25436]  INFO -- : Completed 200 OK in 2ms (Views: 1.1ms | ActiveRecord: 0.0ms)
I, [2015-07-10T11:55:40.866728 #25436]  INFO -- : Started GET "/shop" for 10.0.2.2 at 2015-07-10 11:55:40 +0000
I, [2015-07-10T11:55:40.869855 #25436]  INFO -- : Processing by Shop::TopController#index as HTML
I, [2015-07-10T11:55:40.870059 #25436]  INFO -- :   Parameters: {"host"=>"girlsbaito.example.com"}
I, [2015-07-10T11:55:40.910995 #25436]  INFO -- :   Rendered shop/top/index.html.erb within layouts/shop (0.7ms)
I, [2015-07-10T11:55:40.932599 #25436]  INFO -- :   Rendered shop/shared/_header.html.erb (1.4ms)
I, [2015-07-10T11:55:40.953366 #25436]  INFO -- :   Rendered shop/shared/_footer.html.erb (0.3ms)
I, [2015-07-10T11:55:40.953631 #25436]  INFO -- : Completed 200 OK in 83ms (Views: 81.5ms | ActiveRecord: 0.8ms)
I, [2015-07-10T11:55:40.985636 #25436]  INFO -- : Started GET "/javascripts/shop.js" for 10.0.2.2 at 2015-07-10 11:55:40 +0000
I, [2015-07-10T11:55:40.988184 #25436]  INFO -- : Processing by ErrorsController#not_found as JS
I, [2015-07-10T11:55:40.988578 #25436]  INFO -- :   Parameters: {"anything"=>"javascripts/shop"}
I, [2015-07-10T11:55:40.990673 #25436]  INFO -- :   Rendered errors/not_found.html.erb (0.1ms)
I, [2015-07-10T11:55:40.991031 #25436]  INFO -- : Completed 200 OK in 2ms (Views: 1.8ms | ActiveRecord: 0.0ms)
I, [2015-07-14T13:06:29.115846 #2423]  INFO -- : Started GET "/" for 10.0.2.2 at 2015-07-14 13:06:29 +0000
F, [2015-07-14T13:06:29.151266 #2423] FATAL -- : 
ActionController::RoutingError (No route matches [GET] "/"):
  /home.gem/ruby/2.1.3/gems/actionpack-4.1.6/lib/action_dispatch/middleware/debug_exceptions.rb:21:in `call'
  /home.gem/ruby/2.1.3/gems/actionpack-4.1.6/lib/action_dispatch/middleware/show_exceptions.rb:30:in `call'
  /home.gem/ruby/2.1.3/gems/railties-4.1.6/lib/rails/rack/logger.rb:38:in `call_app'
  /home.gem/ruby/2.1.3/gems/railties-4.1.6/lib/rails/rack/logger.rb:20:in `block in call'
  /home.gem/ruby/2.1.3/gems/activesupport-4.1.6/lib/active_support/tagged_logging.rb:68:in `block in tagged'
  /home.gem/ruby/2.1.3/gems/activesupport-4.1.6/lib/active_support/tagged_logging.rb:26:in `tagged'
  /home.gem/ruby/2.1.3/gems/activesupport-4.1.6/lib/active_support/tagged_logging.rb:68:in `tagged'
  /home.gem/ruby/2.1.3/gems/railties-4.1.6/lib/rails/rack/logger.rb:20:in `call'
  /home.gem/ruby/2.1.3/gems/actionpack-4.1.6/lib/action_dispatch/middleware/request_id.rb:21:in `call'
  /home.gem/ruby/2.1.3/gems/rack-1.5.5/lib/rack/methodoverride.rb:21:in `call'
  /home.gem/ruby/2.1.3/gems/rack-1.5.5/lib/rack/runtime.rb:17:in `call'
  /home.gem/ruby/2.1.3/gems/activesupport-4.1.6/lib/active_support/cache/strategy/local_cache_middleware.rb:26:in `call'
  /home.gem/ruby/2.1.3/gems/actionpack-4.1.6/lib/action_dispatch/middleware/static.rb:64:in `call'
  /home.gem/ruby/2.1.3/gems/rack-1.5.5/lib/rack/sendfile.rb:112:in `call'
  /home.gem/ruby/2.1.3/gems/railties-4.1.6/lib/rails/engine.rb:514:in `call'
  /home.gem/ruby/2.1.3/gems/railties-4.1.6/lib/rails/application.rb:144:in `call'
  /home.gem/ruby/2.1.3/gems/unicorn-4.8.3/lib/unicorn/http_server.rb:576:in `process_client'
  /home.gem/ruby/2.1.3/gems/unicorn-4.8.3/lib/unicorn/http_server.rb:670:in `worker_loop'
  /home.gem/ruby/2.1.3/gems/unicorn-4.8.3/lib/unicorn/http_server.rb:525:in `spawn_missing_workers'
  /home.gem/ruby/2.1.3/gems/unicorn-4.8.3/lib/unicorn/http_server.rb:140:in `start'
  /home.gem/ruby/2.1.3/gems/unicorn-4.8.3/bin/unicorn_rails:209:in `<top (required)>'
  /home.gem/ruby/2.1.3/bin/unicorn_rails:23:in `load'
  /home.gem/ruby/2.1.3/bin/unicorn_rails:23:in `<main>'


I, [2015-07-14T13:06:41.364707 #2426]  INFO -- : Started GET "/" for 10.0.2.2 at 2015-07-14 13:06:41 +0000
F, [2015-07-14T13:06:41.392527 #2426] FATAL -- : 
ActionController::RoutingError (No route matches [GET] "/"):
  /home.gem/ruby/2.1.3/gems/actionpack-4.1.6/lib/action_dispatch/middleware/debug_exceptions.rb:21:in `call'
  /home.gem/ruby/2.1.3/gems/actionpack-4.1.6/lib/action_dispatch/middleware/show_exceptions.rb:30:in `call'
  /home.gem/ruby/2.1.3/gems/railties-4.1.6/lib/rails/rack/logger.rb:38:in `call_app'
  /home.gem/ruby/2.1.3/gems/railties-4.1.6/lib/rails/rack/logger.rb:20:in `block in call'
  /home.gem/ruby/2.1.3/gems/activesupport-4.1.6/lib/active_support/tagged_logging.rb:68:in `block in tagged'
  /home.gem/ruby/2.1.3/gems/activesupport-4.1.6/lib/active_support/tagged_logging.rb:26:in `tagged'
  /home.gem/ruby/2.1.3/gems/activesupport-4.1.6/lib/active_support/tagged_logging.rb:68:in `tagged'
  /home.gem/ruby/2.1.3/gems/railties-4.1.6/lib/rails/rack/logger.rb:20:in `call'
  /home.gem/ruby/2.1.3/gems/actionpack-4.1.6/lib/action_dispatch/middleware/request_id.rb:21:in `call'
  /home.gem/ruby/2.1.3/gems/rack-1.5.5/lib/rack/methodoverride.rb:21:in `call'
  /home.gem/ruby/2.1.3/gems/rack-1.5.5/lib/rack/runtime.rb:17:in `call'
  /home.gem/ruby/2.1.3/gems/activesupport-4.1.6/lib/active_support/cache/strategy/local_cache_middleware.rb:26:in `call'
  /home.gem/ruby/2.1.3/gems/actionpack-4.1.6/lib/action_dispatch/middleware/static.rb:64:in `call'
  /home.gem/ruby/2.1.3/gems/rack-1.5.5/lib/rack/sendfile.rb:112:in `call'
  /home.gem/ruby/2.1.3/gems/railties-4.1.6/lib/rails/engine.rb:514:in `call'
  /home.gem/ruby/2.1.3/gems/railties-4.1.6/lib/rails/application.rb:144:in `call'
  /home.gem/ruby/2.1.3/gems/unicorn-4.8.3/lib/unicorn/http_server.rb:576:in `process_client'
  /home.gem/ruby/2.1.3/gems/unicorn-4.8.3/lib/unicorn/http_server.rb:670:in `worker_loop'
  /home.gem/ruby/2.1.3/gems/unicorn-4.8.3/lib/unicorn/http_server.rb:525:in `spawn_missing_workers'
  /home.gem/ruby/2.1.3/gems/unicorn-4.8.3/lib/unicorn/http_server.rb:140:in `start'
  /home.gem/ruby/2.1.3/gems/unicorn-4.8.3/bin/unicorn_rails:209:in `<top (required)>'
  /home.gem/ruby/2.1.3/bin/unicorn_rails:23:in `load'
  /home.gem/ruby/2.1.3/bin/unicorn_rails:23:in `<main>'


I, [2015-07-14T13:08:26.514165 #2423]  INFO -- : Started GET "/" for 10.0.2.2 at 2015-07-14 13:08:26 +0000
I, [2015-07-14T13:08:26.519556 #2423]  INFO -- : Processing by Girl::PrefecturesController#index as HTML
I, [2015-07-14T13:08:26.519962 #2423]  INFO -- :   Parameters: {"host"=>"girlsbaito.example.com"}
I, [2015-07-14T13:08:26.544982 #2423]  INFO -- : Redirected to http://girlsbaito.example.com:4000/session/new
I, [2015-07-14T13:08:26.545326 #2423]  INFO -- : Filter chain halted as :authorize rendered or redirected
I, [2015-07-14T13:08:26.545691 #2423]  INFO -- : Completed 302 Found in 25ms (ActiveRecord: 0.0ms)
I, [2015-07-14T13:08:26.551254 #2426]  INFO -- : Started GET "/session/new" for 10.0.2.2 at 2015-07-14 13:08:26 +0000
I, [2015-07-14T13:08:26.555768 #2426]  INFO -- : Processing by Girl::SessionsController#new as HTML
I, [2015-07-14T13:08:26.556032 #2426]  INFO -- :   Parameters: {"host"=>"girlsbaito.example.com"}
I, [2015-07-14T13:08:26.628629 #2426]  INFO -- :   Rendered girl/sessions/new.html.erb within layouts/girl (4.5ms)
I, [2015-07-14T13:08:26.654154 #2426]  INFO -- :   Rendered girl/shared/_header.html.erb (3.3ms)
I, [2015-07-14T13:08:26.674292 #2426]  INFO -- :   Rendered girl/shared/_footer.html.erb (0.5ms)
I, [2015-07-14T13:08:26.675536 #2426]  INFO -- : Completed 200 OK in 119ms (Views: 94.9ms | ActiveRecord: 0.0ms)
I, [2015-07-14T13:08:33.646523 #2426]  INFO -- : Started GET "/" for 10.0.2.2 at 2015-07-14 13:08:33 +0000
I, [2015-07-14T13:08:33.650674 #2426]  INFO -- : Processing by Girl::PrefecturesController#index as HTML
I, [2015-07-14T13:08:33.650914 #2426]  INFO -- :   Parameters: {"host"=>"girlsbaito.example.com"}
I, [2015-07-14T13:08:33.652847 #2426]  INFO -- : Redirected to http://girlsbaito.example.com:4000/session/new
I, [2015-07-14T13:08:33.653169 #2426]  INFO -- : Filter chain halted as :authorize rendered or redirected
I, [2015-07-14T13:08:33.653542 #2426]  INFO -- : Completed 302 Found in 2ms (ActiveRecord: 0.0ms)
I, [2015-07-14T13:08:33.657780 #2423]  INFO -- : Started GET "/session/new" for 10.0.2.2 at 2015-07-14 13:08:33 +0000
I, [2015-07-14T13:08:33.660661 #2423]  INFO -- : Processing by Girl::SessionsController#new as HTML
I, [2015-07-14T13:08:33.660819 #2423]  INFO -- :   Parameters: {"host"=>"girlsbaito.example.com"}
I, [2015-07-14T13:08:33.703995 #2423]  INFO -- :   Rendered girl/sessions/new.html.erb within layouts/girl (5.0ms)
I, [2015-07-14T13:08:33.729376 #2423]  INFO -- :   Rendered girl/shared/_header.html.erb (4.2ms)
I, [2015-07-14T13:08:33.749319 #2423]  INFO -- :   Rendered girl/shared/_footer.html.erb (0.5ms)
I, [2015-07-14T13:08:33.749848 #2423]  INFO -- : Completed 200 OK in 89ms (Views: 87.8ms | ActiveRecord: 0.0ms)
I, [2015-07-14T13:08:37.742003 #2426]  INFO -- : Started POST "/session" for 10.0.2.2 at 2015-07-14 13:08:37 +0000
I, [2015-07-14T13:08:37.743651 #2426]  INFO -- : Processing by Girl::SessionsController#create as HTML
I, [2015-07-14T13:08:37.744320 #2426]  INFO -- :   Parameters: {"utf8"=>"✓", "authenticity_token"=>"e+pzMirdQ705xmiaU3fgADFleHYPQg+16tWy2ZOSwNE=", "girl_login_form"=>{"email"=>"girl6@email.com", "password"=>"[FILTERED]"}, "commit"=>"ログイン", "host"=>"girlsbaito.example.com"}
I, [2015-07-14T13:08:37.759602 #2426]  INFO -- :   Rendered girl/sessions/new.html.erb within layouts/girl (2.7ms)
I, [2015-07-14T13:08:37.764164 #2426]  INFO -- :   Rendered girl/shared/_header.html.erb (3.1ms)
I, [2015-07-14T13:08:37.765038 #2426]  INFO -- :   Rendered girl/shared/_footer.html.erb (0.1ms)
I, [2015-07-14T13:08:37.765550 #2426]  INFO -- : Completed 200 OK in 21ms (Views: 9.2ms | ActiveRecord: 4.6ms)
I, [2015-07-14T13:08:42.362152 #2423]  INFO -- : Started GET "/history" for 10.0.2.2 at 2015-07-14 13:08:42 +0000
I, [2015-07-14T13:08:42.366533 #2423]  INFO -- : Processing by Girl::TopController#history as HTML
I, [2015-07-14T13:08:42.366753 #2423]  INFO -- :   Parameters: {"host"=>"girlsbaito.example.com"}
I, [2015-07-14T13:08:42.416620 #2423]  INFO -- :   Rendered girl/top/history.html.erb within layouts/girl (23.6ms)
I, [2015-07-14T13:08:42.437207 #2423]  INFO -- :   Rendered errors/internal_server_error.html.erb within layouts/girl (0.5ms)
I, [2015-07-14T13:08:42.440498 #2423]  INFO -- :   Rendered girl/shared/_header.html.erb (2.5ms)
I, [2015-07-14T13:08:42.441488 #2423]  INFO -- :   Rendered girl/shared/_footer.html.erb (0.1ms)
I, [2015-07-14T13:08:42.442211 #2423]  INFO -- : Completed 500 Internal Server Error in 75ms (Views: 25.0ms | ActiveRecord: 0.0ms)
I, [2015-07-14T13:08:45.561722 #2426]  INFO -- : Started GET "/favorite" for 10.0.2.2 at 2015-07-14 13:08:45 +0000
I, [2015-07-14T13:08:45.565629 #2426]  INFO -- : Processing by Girl::TopController#favorite as HTML
I, [2015-07-14T13:08:45.565764 #2426]  INFO -- :   Parameters: {"host"=>"girlsbaito.example.com"}
I, [2015-07-14T13:08:45.625445 #2426]  INFO -- :   Rendered girl/top/favorite.html.erb within layouts/girl (29.1ms)
I, [2015-07-14T13:08:45.647534 #2426]  INFO -- :   Rendered errors/internal_server_error.html.erb within layouts/girl (0.6ms)
I, [2015-07-14T13:08:45.679538 #2426]  INFO -- :   Rendered girl/shared/_header.html.erb (3.4ms)
I, [2015-07-14T13:08:45.705908 #2426]  INFO -- :   Rendered girl/shared/_footer.html.erb (0.5ms)
I, [2015-07-14T13:08:45.706311 #2426]  INFO -- : Completed 500 Internal Server Error in 140ms (Views: 80.4ms | ActiveRecord: 0.0ms)
I, [2015-07-14T13:08:45.712422 #2423]  INFO -- : Started GET "/favorite" for 10.0.2.2 at 2015-07-14 13:08:45 +0000
I, [2015-07-14T13:08:45.715188 #2423]  INFO -- : Processing by Girl::TopController#favorite as HTML
I, [2015-07-14T13:08:45.715506 #2423]  INFO -- :   Parameters: {"host"=>"girlsbaito.example.com"}
I, [2015-07-14T13:08:45.759993 #2423]  INFO -- :   Rendered girl/top/favorite.html.erb within layouts/girl (21.6ms)
I, [2015-07-14T13:08:45.760942 #2423]  INFO -- :   Rendered errors/internal_server_error.html.erb within layouts/girl (0.1ms)
I, [2015-07-14T13:08:45.764175 #2423]  INFO -- :   Rendered girl/shared/_header.html.erb (2.1ms)
I, [2015-07-14T13:08:45.764649 #2423]  INFO -- :   Rendered girl/shared/_footer.html.erb (0.0ms)
I, [2015-07-14T13:08:45.764893 #2423]  INFO -- : Completed 500 Internal Server Error in 49ms (Views: 4.4ms | ActiveRecord: 0.0ms)
I, [2015-07-14T13:08:47.191270 #2426]  INFO -- : Started GET "/prefectures/new" for 10.0.2.2 at 2015-07-14 13:08:47 +0000
I, [2015-07-14T13:08:47.193043 #2426]  INFO -- : Processing by Girl::PrefecturesController#new as HTML
I, [2015-07-14T13:08:47.193292 #2426]  INFO -- :   Parameters: {"host"=>"girlsbaito.example.com"}
I, [2015-07-14T13:08:47.195537 #2426]  INFO -- : Redirected to http://girlsbaito.example.com:4000/session/new
I, [2015-07-14T13:08:47.195873 #2426]  INFO -- : Filter chain halted as :authorize rendered or redirected
I, [2015-07-14T13:08:47.196174 #2426]  INFO -- : Completed 302 Found in 3ms (ActiveRecord: 0.0ms)
I, [2015-07-14T13:08:47.200807 #2423]  INFO -- : Started GET "/session/new" for 10.0.2.2 at 2015-07-14 13:08:47 +0000
I, [2015-07-14T13:08:47.202754 #2423]  INFO -- : Processing by Girl::SessionsController#new as HTML
I, [2015-07-14T13:08:47.203083 #2423]  INFO -- :   Parameters: {"host"=>"girlsbaito.example.com"}
I, [2015-07-14T13:08:47.236420 #2423]  INFO -- :   Rendered girl/sessions/new.html.erb within layouts/girl (3.4ms)
I, [2015-07-14T13:08:47.266149 #2423]  INFO -- :   Rendered girl/shared/_header.html.erb (3.6ms)
I, [2015-07-14T13:08:47.296591 #2423]  INFO -- :   Rendered girl/shared/_footer.html.erb (0.6ms)
I, [2015-07-14T13:08:47.297296 #2423]  INFO -- : Completed 200 OK in 94ms (Views: 93.1ms | ActiveRecord: 0.0ms)
I, [2015-07-14T13:08:54.747439 #2426]  INFO -- : Started GET "/shop" for 10.0.2.2 at 2015-07-14 13:08:54 +0000
I, [2015-07-14T13:08:54.751980 #2426]  INFO -- : Processing by Shop::TopController#index as HTML
I, [2015-07-14T13:08:54.752271 #2426]  INFO -- :   Parameters: {"host"=>"girlsbaito.example.com"}
I, [2015-07-14T13:08:54.802749 #2426]  INFO -- :   Rendered shop/top/index.html.erb within layouts/shop (2.0ms)
I, [2015-07-14T13:08:54.845893 #2426]  INFO -- :   Rendered shop/shared/_header.html.erb (1.4ms)
I, [2015-07-14T13:08:54.868587 #2426]  INFO -- :   Rendered shop/shared/_footer.html.erb (0.5ms)
I, [2015-07-14T13:08:54.868978 #2426]  INFO -- : Completed 200 OK in 116ms (Views: 111.4ms | ActiveRecord: 1.6ms)
I, [2015-07-14T13:08:56.769366 #2423]  INFO -- : Started GET "/shop/account/new" for 10.0.2.2 at 2015-07-14 13:08:56 +0000
I, [2015-07-14T13:08:56.774362 #2423]  INFO -- : Processing by Shop::AccountsController#new as HTML
I, [2015-07-14T13:08:56.774767 #2423]  INFO -- :   Parameters: {"host"=>"girlsbaito.example.com"}
I, [2015-07-14T13:08:56.873049 #2423]  INFO -- :   Rendered shared/_errors.html.erb (0.6ms)
I, [2015-07-14T13:08:56.927447 #2423]  INFO -- :   Rendered shop/accounts/_form_shop_info.html.erb (6.0ms)
I, [2015-07-14T13:08:56.928893 #2423]  INFO -- :   Rendered shop/accounts/new.html.erb within layouts/shop (81.6ms)
I, [2015-07-14T13:08:56.960796 #2423]  INFO -- :   Rendered shop/shared/_header.html.erb (1.1ms)
I, [2015-07-14T13:08:56.986958 #2423]  INFO -- :   Rendered shop/shared/_footer.html.erb (0.3ms)
I, [2015-07-14T13:08:56.987387 #2423]  INFO -- : Completed 200 OK in 212ms (Views: 199.1ms | ActiveRecord: 5.2ms)
I, [2015-07-14T13:19:19.013007 #2423]  INFO -- : Started GET "/shop" for 10.0.2.2 at 2015-07-14 13:19:19 +0000
I, [2015-07-14T13:19:19.015312 #2423]  INFO -- : Processing by Shop::TopController#index as HTML
I, [2015-07-14T13:19:19.016241 #2423]  INFO -- :   Parameters: {"host"=>"girlsbaito.example.com"}
I, [2015-07-14T13:19:19.049052 #2423]  INFO -- :   Rendered shop/top/index.html.erb within layouts/shop (1.2ms)
I, [2015-07-14T13:19:19.050098 #2423]  INFO -- :   Rendered shop/shared/_header.html.erb (0.3ms)
I, [2015-07-14T13:19:19.050418 #2423]  INFO -- :   Rendered shop/shared/_footer.html.erb (0.0ms)
I, [2015-07-14T13:19:19.050756 #2423]  INFO -- : Completed 200 OK in 34ms (Views: 33.0ms | ActiveRecord: 0.3ms)
I, [2015-07-14T13:19:23.159294 #2426]  INFO -- : Started GET "/" for 10.0.2.2 at 2015-07-14 13:19:23 +0000
I, [2015-07-14T13:19:23.160501 #2426]  INFO -- : Processing by Girl::PrefecturesController#index as HTML
I, [2015-07-14T13:19:23.160994 #2426]  INFO -- :   Parameters: {"host"=>"girlsbaito.example.com"}
I, [2015-07-14T13:19:23.162688 #2426]  INFO -- : Redirected to http://girlsbaito.example.com:4000/session/new
I, [2015-07-14T13:19:23.162795 #2426]  INFO -- : Filter chain halted as :authorize rendered or redirected
I, [2015-07-14T13:19:23.163055 #2426]  INFO -- : Completed 302 Found in 2ms (ActiveRecord: 0.0ms)
I, [2015-07-14T13:19:23.167522 #2423]  INFO -- : Started GET "/session/new" for 10.0.2.2 at 2015-07-14 13:19:23 +0000
I, [2015-07-14T13:19:23.168750 #2423]  INFO -- : Processing by Girl::SessionsController#new as HTML
I, [2015-07-14T13:19:23.168793 #2423]  INFO -- :   Parameters: {"host"=>"girlsbaito.example.com"}
I, [2015-07-14T13:19:23.170852 #2423]  INFO -- :   Rendered girl/sessions/new.html.erb within layouts/girl (0.9ms)
I, [2015-07-14T13:19:23.173564 #2423]  INFO -- :   Rendered girl/shared/_header.html.erb (2.0ms)
I, [2015-07-14T13:19:23.174093 #2423]  INFO -- :   Rendered girl/shared/_footer.html.erb (0.1ms)
I, [2015-07-14T13:19:23.174968 #2423]  INFO -- : Completed 200 OK in 6ms (Views: 5.1ms | ActiveRecord: 0.0ms)
I, [2015-07-14T13:19:25.544317 #2423]  INFO -- : Started GET "/account/new" for 10.0.2.2 at 2015-07-14 13:19:25 +0000
I, [2015-07-14T13:19:25.546288 #2423]  INFO -- : Processing by Girl::AccountsController#new as HTML
I, [2015-07-14T13:19:25.546494 #2423]  INFO -- :   Parameters: {"host"=>"girlsbaito.example.com"}
I, [2015-07-14T13:19:25.580883 #2423]  INFO -- :   Rendered shared/_errors.html.erb (0.1ms)
I, [2015-07-14T13:19:25.596067 #2423]  INFO -- :   Rendered girl/accounts/new.html.erb within layouts/girl (16.4ms)
I, [2015-07-14T13:19:25.597973 #2423]  INFO -- :   Rendered girl/shared/_header.html.erb (1.1ms)
I, [2015-07-14T13:19:25.598933 #2423]  INFO -- :   Rendered girl/shared/_footer.html.erb (0.0ms)
I, [2015-07-14T13:19:25.599429 #2423]  INFO -- : Completed 200 OK in 53ms (Views: 48.7ms | ActiveRecord: 2.2ms)
I, [2015-07-14T13:19:53.798974 #2426]  INFO -- : Started POST "/account" for 10.0.2.2 at 2015-07-14 13:19:53 +0000
I, [2015-07-14T13:19:53.802550 #2426]  INFO -- : Processing by Girl::AccountsController#create as HTML
I, [2015-07-14T13:19:53.802755 #2426]  INFO -- :   Parameters: {"utf8"=>"✓", "authenticity_token"=>"e+pzMirdQ705xmiaU3fgADFleHYPQg+16tWy2ZOSwNE=", "girl"=>{"nickname"=>"aaaa", "name"=>"aaaa", "line_id"=>"aaaa", "email"=>"girl@email.com", "email_confirmation"=>"girl@email.com", "password"=>"[FILTERED]", "password_confirmation"=>"[FILTERED]", "invitation_code"=>"953800"}, "commit"=>"アカウント作成", "host"=>"girlsbaito.example.com"}
I, [2015-07-14T13:19:54.017819 #2426]  INFO -- :   Rendered errors/internal_server_error.html.erb within layouts/girl (0.4ms)
I, [2015-07-14T13:19:54.020691 #2426]  INFO -- :   Rendered girl/shared/_header.html.erb (2.1ms)
I, [2015-07-14T13:19:54.021771 #2426]  INFO -- :   Rendered girl/shared/_footer.html.erb (0.0ms)
I, [2015-07-14T13:19:54.022234 #2426]  INFO -- : Completed 500 Internal Server Error in 219ms (Views: 22.7ms | ActiveRecord: 6.6ms)
I, [2015-07-14T13:20:02.596446 #2423]  INFO -- : Started GET "/" for 10.0.2.2 at 2015-07-14 13:20:02 +0000
I, [2015-07-14T13:20:02.597853 #2423]  INFO -- : Processing by Girl::PrefecturesController#index as HTML
I, [2015-07-14T13:20:02.598123 #2423]  INFO -- :   Parameters: {"host"=>"girlsbaito.example.com"}
I, [2015-07-14T13:20:02.639415 #2423]  INFO -- :   Rendered girl/prefectures/index.html.erb within layouts/girl (8.8ms)
I, [2015-07-14T13:20:02.641494 #2423]  INFO -- :   Rendered girl/shared/_header.html.erb (1.1ms)
I, [2015-07-14T13:20:02.641940 #2423]  INFO -- :   Rendered girl/shared/_footer.html.erb (0.0ms)
I, [2015-07-14T13:20:02.642314 #2423]  INFO -- : Completed 200 OK in 44ms (Views: 40.1ms | ActiveRecord: 0.3ms)
I, [2015-07-14T13:20:11.689709 #2426]  INFO -- : Started GET "/prefectures/1" for 10.0.2.2 at 2015-07-14 13:20:11 +0000
I, [2015-07-14T13:20:11.690973 #2426]  INFO -- : Processing by Girl::PrefecturesController#show as HTML
I, [2015-07-14T13:20:11.690973 #2426]  INFO -- :   Parameters: {"host"=>"girlsbaito.example.com", "id"=>"1"}
I, [2015-07-14T13:20:11.720942 #2426]  INFO -- :   Rendered errors/not_found.html.erb within layouts/girl (0.2ms)
I, [2015-07-14T13:20:11.723118 #2426]  INFO -- :   Rendered girl/shared/_header.html.erb (1.6ms)
I, [2015-07-14T13:20:11.723480 #2426]  INFO -- :   Rendered girl/shared/_footer.html.erb (0.0ms)
I, [2015-07-14T13:20:11.723864 #2426]  INFO -- : Completed 404 Not Found in 33ms (Views: 26.2ms | ActiveRecord: 2.9ms)
I, [2015-07-14T13:20:11.731346 #2423]  INFO -- : Started GET "/prefectures/1" for 10.0.2.2 at 2015-07-14 13:20:11 +0000
I, [2015-07-14T13:20:11.732791 #2423]  INFO -- : Processing by Girl::PrefecturesController#show as HTML
I, [2015-07-14T13:20:11.733018 #2423]  INFO -- :   Parameters: {"host"=>"girlsbaito.example.com", "id"=>"1"}
I, [2015-07-14T13:20:11.754781 #2423]  INFO -- :   Rendered errors/not_found.html.erb within layouts/girl (0.5ms)
I, [2015-07-14T13:20:11.756787 #2423]  INFO -- :   Rendered girl/shared/_header.html.erb (1.3ms)
I, [2015-07-14T13:20:11.757153 #2423]  INFO -- :   Rendered girl/shared/_footer.html.erb (0.0ms)
I, [2015-07-14T13:20:11.757464 #2423]  INFO -- : Completed 404 Not Found in 24ms (Views: 20.3ms | ActiveRecord: 1.5ms)
I, [2015-07-14T13:20:26.127368 #2423]  INFO -- : Started GET "/prefectures/9" for 10.0.2.2 at 2015-07-14 13:20:26 +0000
I, [2015-07-14T13:20:26.129448 #2423]  INFO -- : Processing by Girl::PrefecturesController#show as HTML
I, [2015-07-14T13:20:26.129688 #2423]  INFO -- :   Parameters: {"host"=>"girlsbaito.example.com", "id"=>"9"}
I, [2015-07-14T13:20:26.154003 #2423]  INFO -- :   Rendered errors/not_found.html.erb within layouts/girl (0.2ms)
I, [2015-07-14T13:20:26.155825 #2423]  INFO -- :   Rendered girl/shared/_header.html.erb (0.7ms)
I, [2015-07-14T13:20:26.156191 #2423]  INFO -- :   Rendered girl/shared/_footer.html.erb (0.0ms)
I, [2015-07-14T13:20:26.156481 #2423]  INFO -- : Completed 404 Not Found in 27ms (Views: 24.9ms | ActiveRecord: 0.4ms)
I, [2015-07-14T13:20:26.158563 #2423]  INFO -- : Started GET "/prefectures/8" for 10.0.2.2 at 2015-07-14 13:20:26 +0000
I, [2015-07-14T13:20:26.160253 #2423]  INFO -- : Processing by Girl::PrefecturesController#show as HTML
I, [2015-07-14T13:20:26.160590 #2423]  INFO -- :   Parameters: {"host"=>"girlsbaito.example.com", "id"=>"8"}
I, [2015-07-14T13:20:26.165026 #2426]  INFO -- : Started GET "/prefectures/9" for 10.0.2.2 at 2015-07-14 13:20:26 +0000
I, [2015-07-14T13:20:26.166714 #2426]  INFO -- : Processing by Girl::PrefecturesController#show as HTML
I, [2015-07-14T13:20:26.167162 #2423]  INFO -- :   Rendered errors/not_found.html.erb within layouts/girl (0.1ms)
I, [2015-07-14T13:20:26.167362 #2426]  INFO -- :   Parameters: {"host"=>"girlsbaito.example.com", "id"=>"9"}
I, [2015-07-14T13:20:26.173843 #2423]  INFO -- :   Rendered girl/shared/_header.html.erb (1.6ms)
I, [2015-07-14T13:20:26.174458 #2423]  INFO -- :   Rendered girl/shared/_footer.html.erb (0.1ms)
I, [2015-07-14T13:20:26.174959 #2423]  INFO -- : Completed 404 Not Found in 14ms (Views: 10.6ms | ActiveRecord: 0.9ms)
I, [2015-07-14T13:20:26.193496 #2426]  INFO -- :   Rendered errors/not_found.html.erb within layouts/girl (0.5ms)
I, [2015-07-14T13:20:26.194853 #2426]  INFO -- :   Rendered girl/shared/_header.html.erb (0.7ms)
I, [2015-07-14T13:20:26.195261 #2426]  INFO -- :   Rendered girl/shared/_footer.html.erb (0.1ms)
I, [2015-07-14T13:20:26.195543 #2426]  INFO -- : Completed 404 Not Found in 26ms (Views: 22.9ms | ActiveRecord: 0.5ms)
I, [2015-07-14T13:20:26.197648 #2426]  INFO -- : Started GET "/prefectures/8" for 10.0.2.2 at 2015-07-14 13:20:26 +0000
I, [2015-07-14T13:20:26.200707 #2426]  INFO -- : Processing by Girl::PrefecturesController#show as HTML
I, [2015-07-14T13:20:26.201019 #2426]  INFO -- :   Parameters: {"host"=>"girlsbaito.example.com", "id"=>"8"}
I, [2015-07-14T13:20:26.205934 #2426]  INFO -- :   Rendered errors/not_found.html.erb within layouts/girl (0.1ms)
I, [2015-07-14T13:20:26.210362 #2426]  INFO -- :   Rendered girl/shared/_header.html.erb (3.3ms)
I, [2015-07-14T13:20:26.211143 #2426]  INFO -- :   Rendered girl/shared/_footer.html.erb (0.1ms)
I, [2015-07-14T13:20:26.213994 #2426]  INFO -- : Completed 404 Not Found in 13ms (Views: 8.7ms | ActiveRecord: 0.8ms)
