I, [2015-07-11T06:52:51.824972 #2342]  INFO -- : Refreshing Gem list
I, [2015-07-11T06:52:55.679670 #2342]  INFO -- : listening on addr=/tmp/unicorn.sock fd=11
I, [2015-07-11T06:52:57.347169 #2345]  INFO -- : worker=0 ready
I, [2015-07-11T06:52:58.339877 #2342]  INFO -- : master process ready
I, [2015-07-11T06:52:58.366351 #2348]  INFO -- : worker=1 ready
/home/vagrant/.gem/ruby/2.1.3/gems/unicorn-4.8.3/lib/unicorn/http_server.rb:206:in `pid=': Already running on PID:2342 (or pid=/tmp/unicorn.pid is stale) (ArgumentError)
	from /home/vagrant/.gem/ruby/2.1.3/gems/unicorn-4.8.3/lib/unicorn/http_server.rb:135:in `start'
	from /home/vagrant/.gem/ruby/2.1.3/gems/unicorn-4.8.3/bin/unicorn_rails:209:in `<top (required)>'
	from /home/vagrant/.gem/ruby/2.1.3/bin/unicorn_rails:23:in `load'
	from /home/vagrant/.gem/ruby/2.1.3/bin/unicorn_rails:23:in `<main>'
I, [2015-07-11T06:55:51.792751 #2342]  INFO -- : reaped #<Process::Status: pid 2345 exit 0> worker=0
I, [2015-07-11T06:55:51.793028 #2342]  INFO -- : reaped #<Process::Status: pid 2348 exit 0> worker=1
I, [2015-07-11T06:55:51.793380 #2342]  INFO -- : master complete
I, [2015-07-11T06:55:55.235288 #2369]  INFO -- : Refreshing Gem list
[DEPRECATION] requiring "RMagick" is deprecated. Use "rmagick" instead
I, [2015-07-11T06:56:00.472622 #2369]  INFO -- : unlinking existing socket=/tmp/unicorn.sock
I, [2015-07-11T06:56:00.472975 #2369]  INFO -- : listening on addr=/tmp/unicorn.sock fd=12
I, [2015-07-11T06:56:01.487308 #2372]  INFO -- : worker=0 ready
I, [2015-07-11T06:56:02.480133 #2369]  INFO -- : master process ready
I, [2015-07-11T06:56:02.508779 #2375]  INFO -- : worker=1 ready
I, [2015-07-11T07:00:11.758779 #2369]  INFO -- : reaped #<Process::Status: pid 2372 exit 0> worker=0
I, [2015-07-11T07:00:11.759199 #2369]  INFO -- : reaped #<Process::Status: pid 2375 exit 0> worker=1
I, [2015-07-11T07:00:11.759578 #2369]  INFO -- : master complete
I, [2015-07-11T07:00:17.330392 #2405]  INFO -- : Refreshing Gem list
I, [2015-07-11T07:00:20.018107 #2405]  INFO -- : unlinking existing socket=/tmp/unicorn.sock
I, [2015-07-11T07:00:20.018448 #2405]  INFO -- : listening on addr=/tmp/unicorn.sock fd=11
I, [2015-07-11T07:00:21.549549 #2408]  INFO -- : worker=0 ready
I, [2015-07-11T07:00:22.541393 #2405]  INFO -- : master process ready
I, [2015-07-11T07:00:22.570598 #2411]  INFO -- : worker=1 ready
I, [2015-07-11T07:01:25.060294 #2405]  INFO -- : reaped #<Process::Status: pid 2408 exit 0> worker=0
I, [2015-07-11T07:01:25.060549 #2405]  INFO -- : reaped #<Process::Status: pid 2411 exit 0> worker=1
I, [2015-07-11T07:01:25.061105 #2405]  INFO -- : master complete
I, [2015-07-11T07:01:27.892170 #2452]  INFO -- : Refreshing Gem list
F, [2015-07-11T07:01:30.481167 #2452] FATAL -- : error adding listener addr=/vagrant/tmp/unicorn.sock
/home/vagrant/.gem/ruby/2.1.3/gems/unicorn-4.8.3/lib/unicorn/socket_helper.rb:158:in `initialize': Operation not permitted - connect(2) for "/vagrant/tmp/unicorn.sock" (Errno::EPERM)
	from /home/vagrant/.gem/ruby/2.1.3/gems/unicorn-4.8.3/lib/unicorn/socket_helper.rb:158:in `new'
	from /home/vagrant/.gem/ruby/2.1.3/gems/unicorn-4.8.3/lib/unicorn/socket_helper.rb:158:in `bind_listen'
	from /home/vagrant/.gem/ruby/2.1.3/gems/unicorn-4.8.3/lib/unicorn/http_server.rb:242:in `listen'
	from /home/vagrant/.gem/ruby/2.1.3/gems/unicorn-4.8.3/lib/unicorn/http_server.rb:809:in `block in bind_new_listeners!'
	from /home/vagrant/.gem/ruby/2.1.3/gems/unicorn-4.8.3/lib/unicorn/http_server.rb:809:in `each'
	from /home/vagrant/.gem/ruby/2.1.3/gems/unicorn-4.8.3/lib/unicorn/http_server.rb:809:in `bind_new_listeners!'
	from /home/vagrant/.gem/ruby/2.1.3/gems/unicorn-4.8.3/lib/unicorn/http_server.rb:138:in `start'
	from /home/vagrant/.gem/ruby/2.1.3/gems/unicorn-4.8.3/bin/unicorn_rails:209:in `<top (required)>'
	from /home/vagrant/.gem/ruby/2.1.3/bin/unicorn_rails:23:in `load'
	from /home/vagrant/.gem/ruby/2.1.3/bin/unicorn_rails:23:in `<main>'
I, [2015-07-11T07:04:58.658211 #2488]  INFO -- : Refreshing Gem list
I, [2015-07-11T07:05:01.291311 #2488]  INFO -- : unlinking existing socket=/tmp/unicorn.sock
I, [2015-07-11T07:05:01.291536 #2488]  INFO -- : listening on addr=/tmp/unicorn.sock fd=11
I, [2015-07-11T07:05:02.808117 #2491]  INFO -- : worker=0 ready
I, [2015-07-11T07:05:03.800921 #2488]  INFO -- : master process ready
I, [2015-07-11T07:05:03.828370 #2494]  INFO -- : worker=1 ready
/home/vagrant/.gem/ruby/2.1.3/gems/unicorn-4.8.3/lib/unicorn/http_server.rb:206:in `pid=': Already running on PID:2488 (or pid=/tmp/unicorn.pid is stale) (ArgumentError)
	from /home/vagrant/.gem/ruby/2.1.3/gems/unicorn-4.8.3/lib/unicorn/http_server.rb:135:in `start'
	from /home/vagrant/.gem/ruby/2.1.3/gems/unicorn-4.8.3/bin/unicorn_rails:209:in `<top (required)>'
	from /home/vagrant/.gem/ruby/2.1.3/bin/unicorn_rails:23:in `load'
	from /home/vagrant/.gem/ruby/2.1.3/bin/unicorn_rails:23:in `<main>'
I, [2015-07-11T07:06:12.373052 #2488]  INFO -- : reaped #<Process::Status: pid 2491 exit 0> worker=0
I, [2015-07-11T07:06:12.373457 #2488]  INFO -- : reaped #<Process::Status: pid 2494 exit 0> worker=1
I, [2015-07-11T07:06:12.373997 #2488]  INFO -- : master complete
I, [2015-07-11T07:10:16.880004 #2520]  INFO -- : Refreshing Gem list
I, [2015-07-11T07:10:19.543665 #2520]  INFO -- : unlinking existing socket=/tmp/unicorn.sock
I, [2015-07-11T07:10:19.544031 #2520]  INFO -- : listening on addr=/tmp/unicorn.sock fd=11
I, [2015-07-11T07:10:21.063027 #2523]  INFO -- : worker=0 ready
I, [2015-07-11T07:10:22.056052 #2520]  INFO -- : master process ready
I, [2015-07-11T07:10:22.083545 #2526]  INFO -- : worker=1 ready
I, [2015-07-14T12:53:09.240744 #2295]  INFO -- : Refreshing Gem list
I, [2015-07-14T12:53:12.967703 #2295]  INFO -- : unlinking existing socket=/tmp/unicorn.sock
I, [2015-07-14T12:53:12.968018 #2295]  INFO -- : listening on addr=/tmp/unicorn.sock fd=11
I, [2015-07-14T12:53:14.592065 #2298]  INFO -- : worker=0 ready
I, [2015-07-14T12:53:15.585762 #2295]  INFO -- : master process ready
I, [2015-07-14T12:53:15.615323 #2301]  INFO -- : worker=1 ready
/home/vagrant/.gem/ruby/2.1.3/gems/unicorn-4.8.3/lib/unicorn/http_server.rb:206:in `pid=': Already running on PID:2295 (or pid=/tmp/unicorn.pid is stale) (ArgumentError)
	from /home/vagrant/.gem/ruby/2.1.3/gems/unicorn-4.8.3/lib/unicorn/http_server.rb:135:in `start'
	from /home/vagrant/.gem/ruby/2.1.3/gems/unicorn-4.8.3/bin/unicorn_rails:209:in `<top (required)>'
	from /home/vagrant/.gem/ruby/2.1.3/bin/unicorn_rails:23:in `load'
	from /home/vagrant/.gem/ruby/2.1.3/bin/unicorn_rails:23:in `<main>'
I, [2015-07-14T12:59:51.375845 #2295]  INFO -- : reaped #<Process::Status: pid 2298 exit 0> worker=0
I, [2015-07-14T12:59:51.376188 #2295]  INFO -- : reaped #<Process::Status: pid 2301 exit 0> worker=1
I, [2015-07-14T12:59:51.376743 #2295]  INFO -- : master complete
I, [2015-07-14T13:00:48.916898 #2339]  INFO -- : Refreshing Gem list
I, [2015-07-14T13:00:51.398505 #2339]  INFO -- : unlinking existing socket=/tmp/unicorn.sock
I, [2015-07-14T13:00:51.398808 #2339]  INFO -- : listening on addr=/tmp/unicorn.sock fd=11
I, [2015-07-14T13:00:51.399183 #2339]  INFO -- : listening on addr=0.0.0.0:3000 fd=12
I, [2015-07-14T13:00:52.879803 #2342]  INFO -- : worker=0 ready
I, [2015-07-14T13:00:53.872679 #2339]  INFO -- : master process ready
I, [2015-07-14T13:00:53.897735 #2345]  INFO -- : worker=1 ready
I, [2015-07-14T13:03:28.175724 #2339]  INFO -- : reaped #<Process::Status: pid 2342 exit 0> worker=0
I, [2015-07-14T13:03:28.175901 #2339]  INFO -- : reaped #<Process::Status: pid 2345 exit 0> worker=1
I, [2015-07-14T13:03:28.176467 #2339]  INFO -- : master complete
I, [2015-07-14T13:03:39.881667 #2387]  INFO -- : Refreshing Gem list
[DEPRECATION] requiring "RMagick" is deprecated. Use "rmagick" instead
I, [2015-07-14T13:03:44.572883 #2387]  INFO -- : unlinking existing socket=/tmp/unicorn.sock
I, [2015-07-14T13:03:44.573328 #2387]  INFO -- : listening on addr=/tmp/unicorn.sock fd=12
I, [2015-07-14T13:03:44.573802 #2387]  INFO -- : listening on addr=0.0.0.0:3000 fd=13
I, [2015-07-14T13:03:45.586666 #2390]  INFO -- : worker=0 ready
I, [2015-07-14T13:03:46.578882 #2387]  INFO -- : master process ready
I, [2015-07-14T13:03:46.605542 #2393]  INFO -- : worker=1 ready
E, [2015-07-14T13:03:50.038420 #2390] ERROR -- : app error: Missing `secret_key_base` for 'production' environment, set this value in `config/secrets.yml` (RuntimeError)
E, [2015-07-14T13:03:50.038854 #2390] ERROR -- : /home/vagrant/.gem/ruby/2.1.3/gems/railties-4.1.6/lib/rails/application.rb:462:in `validate_secret_key_config!'
E, [2015-07-14T13:03:50.039059 #2390] ERROR -- : /home/vagrant/.gem/ruby/2.1.3/gems/railties-4.1.6/lib/rails/application.rb:195:in `env_config'
E, [2015-07-14T13:03:50.039216 #2390] ERROR -- : /home/vagrant/.gem/ruby/2.1.3/gems/railties-4.1.6/lib/rails/engine.rb:510:in `call'
E, [2015-07-14T13:03:50.039348 #2390] ERROR -- : /home/vagrant/.gem/ruby/2.1.3/gems/railties-4.1.6/lib/rails/application.rb:144:in `call'
E, [2015-07-14T13:03:50.039508 #2390] ERROR -- : /home/vagrant/.gem/ruby/2.1.3/gems/unicorn-4.8.3/lib/unicorn/http_server.rb:576:in `process_client'
E, [2015-07-14T13:03:50.039712 #2390] ERROR -- : /home/vagrant/.gem/ruby/2.1.3/gems/unicorn-4.8.3/lib/unicorn/http_server.rb:670:in `worker_loop'
E, [2015-07-14T13:03:50.039866 #2390] ERROR -- : /home/vagrant/.gem/ruby/2.1.3/gems/unicorn-4.8.3/lib/unicorn/http_server.rb:525:in `spawn_missing_workers'
E, [2015-07-14T13:03:50.040158 #2390] ERROR -- : /home/vagrant/.gem/ruby/2.1.3/gems/unicorn-4.8.3/lib/unicorn/http_server.rb:140:in `start'
E, [2015-07-14T13:03:50.040374 #2390] ERROR -- : /home/vagrant/.gem/ruby/2.1.3/gems/unicorn-4.8.3/bin/unicorn_rails:209:in `<top (required)>'
E, [2015-07-14T13:03:50.040574 #2390] ERROR -- : /home/vagrant/.gem/ruby/2.1.3/bin/unicorn_rails:23:in `load'
E, [2015-07-14T13:03:50.040788 #2390] ERROR -- : /home/vagrant/.gem/ruby/2.1.3/bin/unicorn_rails:23:in `<main>'
/home/vagrant/.gem/ruby/2.1.3/gems/unicorn-4.8.3/lib/unicorn/http_server.rb:206:in `pid=': Already running on PID:2387 (or pid=/tmp/unicorn.pid is stale) (ArgumentError)
	from /home/vagrant/.gem/ruby/2.1.3/gems/unicorn-4.8.3/lib/unicorn/http_server.rb:135:in `start'
	from /home/vagrant/.gem/ruby/2.1.3/gems/unicorn-4.8.3/bin/unicorn_rails:209:in `<top (required)>'
	from /home/vagrant/.gem/ruby/2.1.3/bin/unicorn_rails:23:in `load'
	from /home/vagrant/.gem/ruby/2.1.3/bin/unicorn_rails:23:in `<main>'
I, [2015-07-14T13:06:04.319465 #2387]  INFO -- : reaped #<Process::Status: pid 2390 exit 0> worker=0
I, [2015-07-14T13:06:04.319853 #2387]  INFO -- : reaped #<Process::Status: pid 2393 exit 0> worker=1
I, [2015-07-14T13:06:04.320217 #2387]  INFO -- : master complete
I, [2015-07-14T13:06:17.564315 #2420]  INFO -- : Refreshing Gem list
[DEPRECATION] requiring "RMagick" is deprecated. Use "rmagick" instead
I, [2015-07-14T13:06:22.250789 #2420]  INFO -- : unlinking existing socket=/tmp/unicorn.sock
I, [2015-07-14T13:06:22.250859 #2420]  INFO -- : listening on addr=/tmp/unicorn.sock fd=12
I, [2015-07-14T13:06:22.251230 #2420]  INFO -- : listening on addr=0.0.0.0:3000 fd=13
I, [2015-07-14T13:06:23.264559 #2423]  INFO -- : worker=0 ready
I, [2015-07-14T13:06:24.256569 #2420]  INFO -- : master process ready
I, [2015-07-14T13:06:24.282699 #2426]  INFO -- : worker=1 ready
